<?xml version="1.0" encoding="UTF-8"?>
<testng-results ignored="0" total="1" passed="1" failed="0" skipped="0">
  <reporter-output>
  </reporter-output>
  <suite started-at="2025-01-22T13:33:37 GMT" name="Default Suite" finished-at="2025-01-22T13:34:05 GMT" duration-ms="28088">
    <groups>
    </groups>
    <test started-at="2025-01-22T13:33:37 GMT" name="WebUIFrameWork" finished-at="2025-01-22T13:34:05 GMT" duration-ms="28088">
      <class name="testcases.LoginTest_PO">
        <test-method signature="login_success()[pri:0, instance:testcases.LoginTest_PO@3349e9bb]" started-at="2025-01-22T13:33:37 GMT" name="login_success" finished-at="2025-01-22T13:34:05 GMT" duration-ms="28048" status="PASS">
          <reporter-output>
          </reporter-output>
        </test-method> <!-- login_success -->
      </class> <!-- testcases.LoginTest_PO -->
    </test> <!-- WebUIFrameWork -->
  </suite> <!-- Default Suite -->
</testng-results>
